{
  "stats": {
    "suites": 1,
    "tests": 2,
    "passes": 0,
    "pending": 0,
    "failures": 2,
    "start": "2023-03-09T10:38:22.932Z",
    "end": "2023-03-09T10:42:47.020Z",
    "duration": 264088,
    "testsRegistered": 2,
    "passPercent": 0,
    "pendingPercent": 0,
    "other": 0,
    "hasOther": false,
    "skipped": 0,
    "hasSkipped": false
  },
  "results": [
    {
      "uuid": "5aff3309-10d4-40a6-97ed-45512ae03191",
      "title": "",
      "fullFile": "cypress\\e2e\\streamstudio\\webcastcreation.cy.js",
      "file": "cypress\\e2e\\streamstudio\\webcastcreation.cy.js",
      "beforeHooks": [],
      "afterHooks": [],
      "tests": [],
      "suites": [
        {
          "uuid": "39e0e99d-7c5e-46d2-a7a4-42f2864f20c8",
          "title": "StreamStudio WebCast Creation Suit",
          "fullFile": "",
          "file": "",
          "beforeHooks": [],
          "afterHooks": [],
          "tests": [
            {
              "title": "creating webcast with ecdn enabled",
              "fullTitle": "StreamStudio WebCast Creation Suit creating webcast with ecdn enabled",
              "timedOut": null,
              "duration": 136756,
              "state": "failed",
              "speed": null,
              "pass": false,
              "fail": true,
              "pending": false,
              "context": null,
              "code": "// login to streamstudio\ncy.visit(\"https://admin-dev.easywebcast.com/admin?role=admin\");\ncy.get('#email-input').type(_testData.userData.email);\ncy.get('#password-input').type(_testData.userData.password);\ncy.get('.login-submit').click(); //veryfing name\ncy.get('.crew-text').should('contain', 'STREAMSTUDIO');\ncy.log('login successful'); //clicking to organization\ncy.get(':nth-child(4) > span').click(); //clicking a qa test\ncy.get(':nth-child(8) > :nth-child(5) > a').click();\ncy.get(':nth-child(2) > :nth-child(4) > .button-sumbit-container > .dropleft > .dropdown-toggle').click(); //clicking automated client\ncy.get(':nth-child(2) > :nth-child(4) > .button-sumbit-container > .dropleft > .dropdown-menu > :nth-child(1) > span').click();\ncy.wait(100); //clicking webcast creation button\ncy.get(\"[class='create-webcast cursor-pointer col-3']\").click();\ncy.get(':nth-child(7) > .form-control').type(_testData.userData.webcastName + ' with ecdn');\ncy.get(\"[type='submit']\").click();\ncy.get('.css-fsmweu-control > .css-1hwfws3').click();\ncy.get('#react-select-13-option-4').click();\ncy.get('[style=\"outline: none; border: none; background: rgb(98, 190, 178); color: rgb(255, 255, 255); width: 125px; height: 35px; margin-left: 20px;\"]').click();\ncy.get('[style=\"display: inline-block; font-size: 16px; margin-right: 20px;\"] > .containerRadio > .checkmarkR').click();\ncy.get('[style=\"margin-bottom: 10px;\"] > .css-2b097c-container > .css-1j8vvet-control > .css-1hwfws3 > .css-r6er38-placeholder').click();\ncy.get('#react-select-15-option-0').click();\ncy.get('[style=\"margin-bottom: 20px;\"] > .css-2b097c-container > .css-1j8vvet-control > .css-1hwfws3').click();\ncy.get('#react-select-16-option-0').click();\ncy.get('.border-0').click();\ncy.get('.cursor-pointer > button').click(); //checking the webcast information\ncy.wait(300);\ncy.get(':nth-child(7) > .MuiButtonBase-root > .MuiListItemText-root').click();\ncy.get('.MuiList-root > :nth-child(1) > .MuiListItemText-root').click(); // cy.get('[class=\"col col-4\"]').find()\ncy.get('[class=\"form-control\"]').invoke('val').then(value => {\n  addContext(void 0, {\n    title: 'Stream url with ecdn',\n    value: value\n  });\n  expect(value).to.equal(value);\n  cy.log(value);\n});",
              "err": {
                "message": "TypeError: addContext is not a function",
                "estack": "TypeError: addContext is not a function\n    at Context.eval (webpack:///./cypress/e2e/streamstudio/webcastcreation.cy.js:46:10)",
                "diff": null
              },
              "uuid": "558f4ace-5581-467d-9aa2-a119ed79ac5b",
              "parentUUID": "39e0e99d-7c5e-46d2-a7a4-42f2864f20c8",
              "isHook": false,
              "skipped": false
            },
            {
              "title": "creating webcast with no ecdn enable",
              "fullTitle": "StreamStudio WebCast Creation Suit creating webcast with no ecdn enable",
              "timedOut": null,
              "duration": 116297,
              "state": "failed",
              "speed": null,
              "pass": false,
              "fail": true,
              "pending": false,
              "context": null,
              "code": "// login to streamstudio\ncy.visit(\"https://admin-dev.easywebcast.com/admin?role=admin\");\ncy.get('#email-input').type(_testData.userData.email);\ncy.get('#password-input').type(_testData.userData.password);\ncy.get('.login-submit').click(); //veryfing name\ncy.get('.crew-text').should('contain', 'STREAMSTUDIO');\ncy.log('login successful'); //clicking to organization\ncy.get(':nth-child(4) > span').click(); //clicking a qa test\ncy.get(':nth-child(8) > :nth-child(5) > a').click();\ncy.get(':nth-child(2) > :nth-child(4) > .button-sumbit-container > .dropleft > .dropdown-toggle').click(); //clicking automated client\ncy.get(':nth-child(2) > :nth-child(4) > .button-sumbit-container > .dropleft > .dropdown-menu > :nth-child(1) > span').click();\ncy.wait(100); //clicking webcast creation button\ncy.get(\"[class='create-webcast cursor-pointer col-3']\").click();\ncy.get(':nth-child(7) > .form-control').type(_testData.userData.webcastName + ' without ecdn');\ncy.get(\"[type='submit']\").click();\ncy.get('.css-fsmweu-control > .css-1hwfws3').click();\ncy.get('#react-select-13-option-4').click();\ncy.get('[style=\"outline: none; border: none; background: rgb(98, 190, 178); color: rgb(255, 255, 255); width: 125px; height: 35px; margin-left: 20px;\"]').click();\ncy.get('[style=\"display: inline-block; font-size: 16px; margin-right: 20px;\"] > .containerRadio > .checkmarkR').click();\ncy.get('[style=\"margin-bottom: 10px;\"] > .css-2b097c-container > .css-1j8vvet-control > .css-1hwfws3 > .css-r6er38-placeholder').click();\ncy.get('#react-select-15-option-0').click(); // cy.get('[style=\"margin-bottom: 20px;\"] > .css-2b097c-container > .css-1j8vvet-control > .css-1hwfws3').click()\n// cy.get('#react-select-16-option-0').click()\ncy.get('.form-group > .containerCheck > .checkmark').click();\ncy.get('.border-0').click();\ncy.get('.cursor-pointer > button').click(); //checking the webcast information\ncy.wait(300);\ncy.get(':nth-child(7) > .MuiButtonBase-root > .MuiListItemText-root').click();\ncy.get('.MuiList-root > :nth-child(1) > .MuiListItemText-root').click(); // cy.get('[class=\"col col-4\"]').find()\ncy.get('[class=\"form-control\"]').invoke('val').then(value => {\n  addContext(void 0, {\n    title: 'Stream url with no ecdn',\n    value: value\n  });\n  expect(value).to.equal(value);\n  cy.log(value);\n});",
              "err": {
                "message": "TypeError: addContext is not a function",
                "estack": "TypeError: addContext is not a function\n    at Context.eval (webpack:///./cypress/e2e/streamstudio/webcastcreation.cy.js:91:10)",
                "diff": null
              },
              "uuid": "3880a4b8-5cd1-4478-8ec7-560aabab987f",
              "parentUUID": "39e0e99d-7c5e-46d2-a7a4-42f2864f20c8",
              "isHook": false,
              "skipped": false
            }
          ],
          "suites": [],
          "passes": [],
          "failures": [
            "558f4ace-5581-467d-9aa2-a119ed79ac5b",
            "3880a4b8-5cd1-4478-8ec7-560aabab987f"
          ],
          "pending": [],
          "skipped": [],
          "duration": 253053,
          "root": false,
          "rootEmpty": false,
          "_timeout": 2000
        }
      ],
      "passes": [],
      "failures": [],
      "pending": [],
      "skipped": [],
      "duration": 0,
      "root": true,
      "rootEmpty": true,
      "_timeout": 2000
    }
  ],
  "meta": {
    "mocha": {
      "version": "7.0.1"
    },
    "mochawesome": {
      "options": {
        "quiet": false,
        "reportFilename": "mochawesome",
        "saveHtml": true,
        "saveJson": true,
        "consoleReporter": "spec",
        "useInlineDiffs": false,
        "code": true
      },
      "version": "7.1.3"
    },
    "marge": {
      "options": {
        "reportDir": "cypress/results",
        "overwrite": false,
        "html": true,
        "json": true,
        "timestamp": "ddmmyyyy_HHMMss"
      },
      "version": "6.2.0"
    }
  }
}